app/build/intermediates/manifest_merge_blame_file/debug/manifest-merger-blame-debug-report.txt
1<?xml version="1.0" encoding="utf-8"?>
2<manifest xmlns:android="http://schemas.android.com/apk/res/android"
3    package="com.ekc.ekctracking"
4    android:versionCode="1"
5    android:versionName="1.0" >
6
7    <uses-sdk
8        android:minSdkVersion="19"
8-->src\main\AndroidManifest.xml
9        android:targetSdkVersion="29" />
9-->src\main\AndroidManifest.xml
10
11    <uses-permission android:name="android.permission.ACCESS_NETWORK_STATE" />
11-->src\main\AndroidManifest.xml:6:5-79
11-->src\main\AndroidManifest.xml:6:22-76
12    <uses-permission android:name="android.permission.CHANGE_NETWORK_STATE" />
12-->src\main\AndroidManifest.xml:7:5-79
12-->src\main\AndroidManifest.xml:7:22-76
13    <uses-permission android:name="android.permission.ACCESS_WIFI_STATE" />
13-->src\main\AndroidManifest.xml:8:5-76
13-->src\main\AndroidManifest.xml:8:22-73
14    <uses-permission android:name="android.permission.CHANGE_WIFI_STATE" /> <!-- Location -->
14-->src\main\AndroidManifest.xml:9:5-76
14-->src\main\AndroidManifest.xml:9:22-73
15    <uses-permission android:name="android.permission.ACCESS_FINE_LOCATION" />
15-->src\main\AndroidManifest.xml:10:5-79
15-->src\main\AndroidManifest.xml:10:22-76
16    <uses-permission android:name="android.permission.ACCESS_COARSE_LOCATION" />
16-->src\main\AndroidManifest.xml:11:5-81
16-->src\main\AndroidManifest.xml:11:22-78
17    <uses-permission android:name="android.permission.INTERACT_ACRESS_USERS_FULL" />
17-->src\main\AndroidManifest.xml:12:5-85
17-->src\main\AndroidManifest.xml:12:22-82
18    <uses-permission android:name="android.permission.ACCESS_GPS" />
18-->src\main\AndroidManifest.xml:13:5-69
18-->src\main\AndroidManifest.xml:13:22-66
19    <uses-permission android:name="android.permission.ACCESS_ASSISTED_GPS" />
19-->src\main\AndroidManifest.xml:14:5-78
19-->src\main\AndroidManifest.xml:14:22-75
20    <uses-permission android:name="android.permission.ACCESS_LOCATION" /> <!-- Storage -->
20-->src\main\AndroidManifest.xml:15:5-74
20-->src\main\AndroidManifest.xml:15:22-71
21    <uses-permission android:name="android.permission.WRITE_EXTERNAL_STORAGE" />
21-->src\main\AndroidManifest.xml:16:5-81
21-->src\main\AndroidManifest.xml:16:22-78
22    <uses-permission android:name="android.permission.READ_EXTERNAL_STORAGE" /> <!-- Bluetooth -->
22-->src\main\AndroidManifest.xml:17:5-80
22-->src\main\AndroidManifest.xml:17:22-77
23    <uses-permission android:name="android.permission.READ_PHONE_STATE" /> <!-- used features. -->
23-->src\main\AndroidManifest.xml:18:5-75
23-->src\main\AndroidManifest.xml:18:22-72
24    <uses-feature android:name=" android.hardware.location.network" />
24-->src\main\AndroidManifest.xml:19:5-71
24-->src\main\AndroidManifest.xml:19:19-68
25    <uses-feature android:name="android.hardware.location.gps" />
25-->src\main\AndroidManifest.xml:20:5-66
25-->src\main\AndroidManifest.xml:20:19-63
26
27    <uses-permission android:name="android.permission.INTERNET" />
27-->[com.google.android.gms:play-services-maps:17.0.0] AndroidManifest.xml:24:5-67
27-->[com.google.android.gms:play-services-maps:17.0.0] AndroidManifest.xml:24:22-64
28
29    <uses-feature
29-->[com.google.android.gms:play-services-maps:17.0.0] AndroidManifest.xml:26:5-28:35
30        android:glEsVersion="0x00020000"
30-->[com.google.android.gms:play-services-maps:17.0.0] AndroidManifest.xml:27:9-41
31        android:required="true" />
31-->[com.google.android.gms:play-services-maps:17.0.0] AndroidManifest.xml:28:9-32
32
33    <application
33-->src\main\AndroidManifest.xml:22:5-62:19
34        android:name="androidx.multidex.MultiDexApplication"
35        android:allowBackup="true"
35-->src\main\AndroidManifest.xml:23:9-35
36        android:appComponentFactory="androidx.core.app.CoreComponentFactory"
36-->[androidx.core:core:1.1.0] AndroidManifest.xml:24:18-86
37        android:debuggable="true"
38        android:icon="@mipmap/ic_launcher"
38-->src\main\AndroidManifest.xml:24:9-43
39        android:label="@string/app_name"
39-->src\main\AndroidManifest.xml:25:9-41
40        android:roundIcon="@mipmap/ic_launcher"
40-->src\main\AndroidManifest.xml:26:9-48
41        android:supportsRtl="true"
41-->src\main\AndroidManifest.xml:27:9-35
42        android:theme="@style/AppTheme" >
42-->src\main\AndroidManifest.xml:28:9-40
43        <activity
43-->src\main\AndroidManifest.xml:29:9-37:20
44            android:name="com.ekc.ekctracking.view.activities.login.LoginActivity"
44-->src\main\AndroidManifest.xml:30:13-64
45            android:configChanges="screenSize|keyboard|fontScale|keyboardHidden|locale|density|smallestScreenSize|navigation|layoutDirection" >
45-->src\main\AndroidManifest.xml:31:13-142
46            <intent-filter>
46-->src\main\AndroidManifest.xml:32:13-36:29
47                <action android:name="android.intent.action.MAIN" />
47-->src\main\AndroidManifest.xml:33:17-69
47-->src\main\AndroidManifest.xml:33:25-66
48
49                <category android:name="android.intent.category.LAUNCHER" />
49-->src\main\AndroidManifest.xml:35:17-77
49-->src\main\AndroidManifest.xml:35:27-74
50            </intent-filter>
51        </activity>
52        <!--
53             The API key for Google Maps-based APIs is defined as a string resource.
54             (See the file "res/values/google_maps_api.xml").
55             Note that the API key is linked to the encryption key used to sign the APK.
56             You need a different API key for each encryption key, including the release key that is used to
57             sign the APK for publishing.
58             You can define the keys for the debug and release targets in src/debug/ and src/release/.
59        -->
60        <meta-data
60-->src\main\AndroidManifest.xml:46:9-48:55
61            android:name="com.google.android.geo.API_KEY"
61-->src\main\AndroidManifest.xml:47:13-58
62            android:value="@string/google_maps_key" />
62-->src\main\AndroidManifest.xml:48:13-52
63
64        <activity
64-->src\main\AndroidManifest.xml:50:9-54:15
65            android:name="com.ekc.ekctracking.view.activities.MapsActivity"
65-->src\main\AndroidManifest.xml:51:13-57
66            android:configChanges="screenSize|keyboard|fontScale|keyboardHidden|locale|density|smallestScreenSize|navigation|layoutDirection"
66-->src\main\AndroidManifest.xml:52:13-142
67            android:label="@string/title_activity_maps" />
67-->src\main\AndroidManifest.xml:53:13-56
68        <activity
68-->src\main\AndroidManifest.xml:55:9-61:20
69            android:name="com.ekc.ekctracking.view.activities.mainActivity.MainActivity"
69-->src\main\AndroidManifest.xml:56:13-70
70            android:configChanges="screenSize|keyboard|fontScale|keyboardHidden|locale|density|smallestScreenSize|navigation|layoutDirection"
70-->src\main\AndroidManifest.xml:57:13-142
71            android:label="@string/app_name"
71-->src\main\AndroidManifest.xml:58:13-45
72            android:theme="@style/AppTheme.NoActionBar" >
72-->src\main\AndroidManifest.xml:59:13-56
73        </activity>
74        <!-- Needs to be explicitly declared on P+ -->
75        <uses-library
75-->[com.google.android.gms:play-services-maps:17.0.0] AndroidManifest.xml:33:9-35:40
76            android:name="org.apache.http.legacy"
76-->[com.google.android.gms:play-services-maps:17.0.0] AndroidManifest.xml:34:13-50
77            android:required="false" />
77-->[com.google.android.gms:play-services-maps:17.0.0] AndroidManifest.xml:35:13-37
78
79        <provider
79-->[com.squareup.picasso:picasso:2.71828] AndroidManifest.xml:8:9-11:40
80            android:name="com.squareup.picasso.PicassoProvider"
80-->[com.squareup.picasso:picasso:2.71828] AndroidManifest.xml:9:13-64
81            android:authorities="com.ekc.ekctracking.com.squareup.picasso"
81-->[com.squareup.picasso:picasso:2.71828] AndroidManifest.xml:10:13-72
82            android:exported="false" />
82-->[com.squareup.picasso:picasso:2.71828] AndroidManifest.xml:11:13-37
83
84        <activity
84-->[com.google.android.gms:play-services-base:17.0.0] AndroidManifest.xml:23:9-26:75
85            android:name="com.google.android.gms.common.api.GoogleApiActivity"
85-->[com.google.android.gms:play-services-base:17.0.0] AndroidManifest.xml:24:13-79
86            android:exported="false"
86-->[com.google.android.gms:play-services-base:17.0.0] AndroidManifest.xml:25:13-37
87            android:theme="@android:style/Theme.Translucent.NoTitleBar" />
87-->[com.google.android.gms:play-services-base:17.0.0] AndroidManifest.xml:26:13-72
88
89        <meta-data
89-->[com.google.android.gms:play-services-basement:17.0.0] AndroidManifest.xml:23:9-25:69
90            android:name="com.google.android.gms.version"
90-->[com.google.android.gms:play-services-basement:17.0.0] AndroidManifest.xml:24:13-58
91            android:value="@integer/google_play_services_version" />
91-->[com.google.android.gms:play-services-basement:17.0.0] AndroidManifest.xml:25:13-66
92
93        <provider
93-->[androidx.lifecycle:lifecycle-process:2.2.0] AndroidManifest.xml:25:9-29:43
94            android:name="androidx.lifecycle.ProcessLifecycleOwnerInitializer"
94-->[androidx.lifecycle:lifecycle-process:2.2.0] AndroidManifest.xml:26:13-79
95            android:authorities="com.ekc.ekctracking.lifecycle-process"
95-->[androidx.lifecycle:lifecycle-process:2.2.0] AndroidManifest.xml:27:13-69
96            android:exported="false"
96-->[androidx.lifecycle:lifecycle-process:2.2.0] AndroidManifest.xml:28:13-37
97            android:multiprocess="true" />
97-->[androidx.lifecycle:lifecycle-process:2.2.0] AndroidManifest.xml:29:13-40
98    </application>
99
100</manifest>